[Licensing::Module] Trying to connect to existing licensing client channel...
Built from '6000.5/staging' branch; Version is '6000.5.2f1 (eb73d3b415a1) revision 15430611'; Using compiler version '194234433'; Build Type 'Release'
[Licensing::IpcConnector] Successfully connected to: "LicenseClient-zakia" at "2026-07-04T12:54:20.7707295Z"
OS: 'Windows 11  (10.0.26200) Professional' Language: 'en' Physical Memory: 14229 MB
BatchMode: 0, IsHumanControllingUs: 1, StartBugReporterOnCrash: 1, Is64bit: 1
System  architecture: x64
Process architecture: x64
Date: 2026-07-04T12:54:20Z

COMMAND LINE ARGUMENTS:
C:\Program Files\Unity\Hub\Editor\6000.5.2f1\Editor\Unity.exe
-projectpath
D:\Game\Math Boxing
-acceptSoftwareTermsForThisRunOnly
-useHub
-hubIPC
-cloudEnvironment
production
-licensingIpc
LicenseClient-zakia
-hubSessionId
e2aa1d17-2abd-4f3e-ac14-c8151758dc0d
-accessToken
VDaVN8GbhxLrxpg_EDFWp8D8lyrTqK1Y7fsFkSEhnv8011f
Successfully changed project path to: D:\Game\Math Boxing
D:/Game/Math Boxing
[UnityMemory] Configuration Parameters - Can be set up in boot.config
    "memorysetup-temp-allocator-size-gi-baking-worker=262144"
    "memorysetup-temp-allocator-size-gi-baking-worker=262144"
    "memorysetup-temp-allocator-size-gi-baking-worker=262144"
    "memorysetup-temp-allocator-size-gi-baking-worker=262144"
    "memorysetup-temp-allocator-size-gi-baking-worker=262144"
    "memorysetup-temp-allocator-size-nav-mesh-worker=65536"
    "memorysetup-temp-allocator-size-audio-worker=65536"
    "memorysetup-temp-allocator-size-cloud-worker=32768"
    "memorysetup-temp-allocator-size-gfx=262144"
    "memorysetup-temp-allocator-size-preload-manager=33554432"
    "memorysetup-allocator-temp-initial-block-size-main=262144"
    "memorysetup-allocator-temp-initial-block-size-worker=262144"
    "memorysetup-temp-allocator-size-job-worker=262144"
    "memorysetup-temp-allocator-size-background-worker=32768"
    "memorysetup-bucket-allocator-granularity=16"
    "memorysetup-bucket-allocator-bucket-count=8"
    "memorysetup-bucket-allocator-block-size=33554432"
    "memorysetup-bucket-allocator-block-count=8"
    "memorysetup-main-allocator-block-size=16777216"
    "memorysetup-thread-allocator-block-size=16777216"
    "memorysetup-main-allocator-mimalloc-enabled=0"
    "memorysetup-gfx-main-allocator-block-size=16777216"
    "memorysetup-gfx-thread-allocator-block-size=16777216"
    "memorysetup-cache-allocator-block-size=4194304"
    "memorysetup-typetree-allocator-block-size=2097152"
    "memorysetup-profiler-bucket-allocator-granularity=16"
    "memorysetup-profiler-bucket-allocator-bucket-count=8"
    "memorysetup-profiler-bucket-allocator-block-size=33554432"
    "memorysetup-profiler-bucket-allocator-block-count=8"
    "memorysetup-profiler-allocator-block-size=16777216"
    "memorysetup-profiler-editor-allocator-block-size=1048576"
    "memorysetup-temp-allocator-size-main=16777216"
    "memorysetup-job-temp-allocator-block-size=2097152"
    "memorysetup-job-temp-allocator-block-size-background=1048576"
    "memorysetup-job-temp-allocator-reduction-small-platforms=262144"
Player connection [8492]  Target information:

Player connection [8492]  * "[IP] 192.168.1.9 [Port] 55504 [Flags] 2 [Guid] 808906518 [EditorId] 808906518 [Version] 1048832 [Id] WindowsEditor(7,exMachina) [Debug] 1 [PackageName] WindowsEditor [ProjectName] Editor" 

Player connection [8492] Host joined multi-casting on [225.0.0.222:54997]...
Player connection [8492] Host joined alternative multi-casting on [225.0.0.222:34997]...
Input System module state changed to: Initialized.
[Physics::Module] Initialized fallback backend.
[Physics::Module] Id: 0xdecafbad
[Package Manager] Connected to IPC stream "Upm-28512" after 0.2 seconds.
[Licensing::Module] Licensing is not yet initialized.
[Licensing::Client] Error: HandshakeResponse reported an error:
	ResponseCode: 505
	ResponseStatus: Unsupported protocol version '1.18.1'.
[Licensing::Module] Error: Failed to handshake to channel: "LicenseClient-zakia"
[Licensing::IpcConnector] LicenseClient-zakia channel disconnected successfully.
[Licensing::IpcConnector] Channel LicenseClient-zakia-6000.5.2 doesn't exist
[Licensing::Module] Successfully launched the LicensingClient (PId: 19752)
Starting IPC server.
Waiting for clients to connect on \\.\pipe\Unity-LicenseClient-zakia-6000.5.2, press Ctrl-C to exit.
[Licensing::IpcConnector] Successfully connected to: "LicenseClient-zakia-6000.5.2" at "2026-07-04T12:54:24.6216521Z"
[Licensing::Client] Code 10 while verifying Licensing Client signature (process Id: 19752, path: "C:/Program Files/Unity/Hub/Editor/6000.5.2f1/Editor/Data/Resources/Licensing/Client/Unity.Licensing.Client.exe")
[Licensing::Module] LicensingClient has failed validation; ignoring
[Licensing::Client] Handshaking with LicensingClient:
  Version:                 1.18.1+9fbee8e
  Session Id:              c86884b9306b48afafadf22b650bc96b
  Correlation Id:          e07372dd68ee4994f8dbd47de0867ccd
  External correlation Id: 2353496253310942939
  Machine Id:              +qrDsE36XUzuEvZroO5AdBIDPlQ=
[Licensing::Module] Successfully connected to LicensingClient on channel: "LicenseClient-zakia-6000.5.2" (connect: 0.57s, validation: 0.27s, handshake: 0.01s)
[Licensing::IpcConnector] Successfully connected to: "LicenseClient-zakia-6000.5.2-notifications" at "2026-07-04T12:54:24.9033142Z"
[Licensing::Module] Connected to LicensingClient (PId: 19752, launch time: 0.01, total connection time: 0.85s)
[Licensing::Client] Successfully updated the access token
[Licensing::Module] Successfully updated the access token VDaVN8Gbhx...
[Licensing::Client] Successfully resolved entitlement details
[Licensing::Module] License group:
  Id: F4-32EQ-W7PA-FBKJ-5J5X-XXXX
  Product: Unity Personal
  Type: ULF
  Expiration: 2026-08-10T07:05:59Z
[Licensing::Module] License group:
  Id: 18968456817814-UnityPersXXXX
  Product: Unity Personal
  Type: Assigned
  Expiration: Unlimited
[Licensing::Client] Successfully updated license, isAsync: True, time: 0.01
[Licensing::Client] Successfully resolved entitlement details
[Licensing::Module] License group:
  Id: F4-32EQ-W7PA-FBKJ-5J5X-XXXX
  Product: Unity Personal
  Type: ULF
  Expiration: 2026-08-10T07:05:59Z
[Licensing::Module] License group:
  Id: 18968456817814-UnityPersXXXX
  Product: Unity Personal
  Type: Assigned
  Expiration: Unlimited
[Licensing::Module] Licensing Background thread has ended after 4.19s
[Licensing::Module] Licensing is initialized (took 3.26s).
[Licensing::Client] Successfully resolved entitlement details
[Licensing::Module] License group:
  Id: F4-32EQ-W7PA-FBKJ-5J5X-XXXX
  Product: Unity Personal
  Type: ULF
  Expiration: 2026-08-10T07:05:59Z
[Licensing::Module] License group:
  Id: 18968456817814-UnityPersXXXX
  Product: Unity Personal
  Type: Assigned
  Expiration: Unlimited
Library Redirect Path: Library/
[Physics::Module] Selected backend.
[Physics::Module] Name: PhysX
[Physics::Module] Id: 0xf2b8ea05
[Physics::Module] SDK Version: 4.1.2
[Physics::Module] Integration Version: 1.0.0
[Physics::Module] Threading Mode: Multi-Threaded
Artifact Garbage Collection - Removed 167 unused hashed content files
Initialize engine version: 6000.5.2f1 (eb73d3b415a1)
[Subsystems] Discovering subsystems at path C:/Program Files/Unity/Hub/Editor/6000.5.2f1/Editor/Data/Resources/UnitySubsystems
[Subsystems] Discovering subsystems at path D:/Game/Math Boxing/Assets
[D3D12 Device Filter] Vendor Name: ATI
[D3D12 Device Filter] Device Name: AMD Radeon(TM) Graphics
[D3D12 Device Filter] Driver Version: 27.20.14536.3
[D3D12 Device Filter] Feature Level: 12.1
[D3D12 Device Filter] Graphics Memory: 7114 MB
[D3D12 Device Filter] Processor Count: 12
[D3D12 Device Filter] Device Type: Integrated
[D3D12 Device Filter] D3D12 API denied by user filter: {"Vendor": "ATI", "Device Type:": Integrated}
GfxDevice: creating device client; kGfxThreadingModeThreaded
Direct3D:
    Version:  Direct3D 11.0 [level 11.1]
    Renderer: AMD Radeon(TM) Graphics (ID=0x1638)
    Vendor:   ATI
    VRAM:     7114 MB
    Driver:   27.20.14536.3
Initialize mono
Mono path[0] = 'C:/Program Files/Unity/Hub/Editor/6000.5.2f1/Editor/Data/Managed'
Mono path[1] = 'C:/Program Files/Unity/Hub/Editor/6000.5.2f1/Editor/Data/BCLExtensions/runtime/netstandard2.1'
Mono path[2] = 'C:/Program Files/Unity/Hub/Editor/6000.5.2f1/Editor/Data/MonoBleedingEdge/lib/mono/unityjit-win32'
Mono config path = 'C:/Program Files/Unity/Hub/Editor/6000.5.2f1/Editor/Data/MonoBleedingEdge/etc'
Using monoOptions --debugger-agent=transport=dt_socket,embedding=1,server=y,suspend=n,address=127.0.0.1:56512
CodeReloadManager initialized
ImportWorker Server TCP listen port: 0
AcceleratorClientConnectionCallback - disconnected - :0
Begin MonoManager ReloadAssembly
Registering precompiled unity dll's ...
Register platform support module: C:/Program Files/Unity/Hub/Editor/6000.5.2f1/Editor/Data/PlaybackEngines/WindowsStandaloneSupport/UnityEditor.WindowsStandalone.Extensions.dll
Registered in 0.001966 seconds.
Native extension for WindowsStandalone target not found
Package Manager log level set to [2]
ScheduleIndexationOnStartup MainProcess:False IndexOnStartup:True
Mono: successfully reloaded assembly
- Finished resetting the current domain, in  0.504 seconds
Domain Reload Profiling: 1070ms
	BeginReloadAssembly (150ms)
		CreateAndSetChildDomain (3ms)
	RebuildCommonClasses (5ms)
	RebuildNativeTypeToScriptingClass (16ms)
	initialDomainReloadingComplete (77ms)
	LoadAllAssembliesAndSetupDomain (316ms)
		LoadAssemblies (144ms)
		AnalyzeDomain (236ms)
			TypeCache.Refresh (235ms)
				TypeCache.ScanAssembly (219ms)
	FinalizeReload (506ms)
		SetupLoadedEditorAssemblies (0ms)
			BeforeProcessingInitializeOnLoad (96ms)
			ProcessInitializeOnLoadAttributes (147ms)
			ProcessInitializeOnLoadMethodAttributes (186ms)
[Licensing::Client] Successfully resolved entitlement details
[Licensing::Module] License group:
  Id: F4-32EQ-W7PA-FBKJ-5J5X-XXXX
  Product: Unity Personal
  Type: ULF
  Expiration: 2026-08-10T07:05:59Z
[Licensing::Module] License group:
  Id: 18968456817814-UnityPersXXXX
  Product: Unity Personal
  Type: Assigned
  Expiration: Unlimited
Application.AssetDatabase Initial Refresh Start
[Package Manager] Restoring resolved packages state from cache
[Licensing::Client] Successfully resolved entitlement details
[Package Manager] Registered 38 packages:
  Built-in packages:
    com.unity.multiplayer.center@1.0.1 (location: D:\Game\Math Boxing\Library\PackageCache\com.unity.multiplayer.center@b860850997d0)
    com.unity.ugui@2.5.0 (location: D:\Game\Math Boxing\Library\PackageCache\com.unity.ugui@3d1ea40b73ef)
    com.unity.modules.accessibility@1.0.0 (location: D:\Game\Math Boxing\Library\PackageCache\com.unity.modules.accessibility)
    com.unity.modules.adaptiveperformance@1.0.0 (location: D:\Game\Math Boxing\Library\PackageCache\com.unity.modules.adaptiveperformance)
    com.unity.modules.ai@1.0.0 (location: D:\Game\Math Boxing\Library\PackageCache\com.unity.modules.ai)
    com.unity.modules.androidjni@1.0.0 (location: D:\Game\Math Boxing\Library\PackageCache\com.unity.modules.androidjni)
    com.unity.modules.animation@1.0.0 (location: D:\Game\Math Boxing\Library\PackageCache\com.unity.modules.animation)
    com.unity.modules.assetbundle@1.0.0 (location: D:\Game\Math Boxing\Library\PackageCache\com.unity.modules.assetbundle)
    com.unity.modules.audio@1.0.0 (location: D:\Game\Math Boxing\Library\PackageCache\com.unity.modules.audio)
    com.unity.modules.cloth@1.0.0 (location: D:\Game\Math Boxing\Library\PackageCache\com.unity.modules.cloth)
    com.unity.modules.director@1.0.0 (location: D:\Game\Math Boxing\Library\PackageCache\com.unity.modules.director)
    com.unity.modules.imageconversion@1.0.0 (location: D:\Game\Math Boxing\Library\PackageCache\com.unity.modules.imageconversion)
    com.unity.modules.imgui@1.0.0 (location: D:\Game\Math Boxing\Library\PackageCache\com.unity.modules.imgui)
    com.unity.modules.jsonserialize@1.0.0 (location: D:\Game\Math Boxing\Library\PackageCache\com.unity.modules.jsonserialize)
    com.unity.modules.particlesystem@1.0.0 (location: D:\Game\Math Boxing\Library\PackageCache\com.unity.modules.particlesystem)
    com.unity.modules.physics@1.0.0 (location: D:\Game\Math Boxing\Library\PackageCache\com.unity.modules.physics)
    com.unity.modules.physics2d@1.0.0 (location: D:\Game\Math Boxing\Library\PackageCache\com.unity.modules.physics2d)
    com.unity.modules.physicscore2d@1.0.0 (location: D:\Game\Math Boxing\Library\PackageCache\com.unity.modules.physicscore2d)
    com.unity.modules.screencapture@1.0.0 (location: D:\Game\Math Boxing\Library\PackageCache\com.unity.modules.screencapture)
    com.unity.modules.terrain@1.0.0 (location: D:\Game\Math Boxing\Library\PackageCache\com.unity.modules.terrain)
    com.unity.modules.terrainphysics@1.0.0 (location: D:\Game\Math Boxing\Library\PackageCache\com.unity.modules.terrainphysics)
    com.unity.modules.tilemap@1.0.0 (location: D:\Game\Math Boxing\Library\PackageCache\com.unity.modules.tilemap)
    com.unity.modules.ui@1.0.0 (location: D:\Game\Math Boxing\Library\PackageCache\com.unity.modules.ui)
    com.unity.modules.uielements@1.0.0 (location: D:\Game\Math Boxing\Library\PackageCache\com.unity.modules.uielements)
    com.unity.modules.umbra@1.0.0 (location: D:\Game\Math Boxing\Library\PackageCache\com.unity.modules.umbra)
    com.unity.modules.unityanalytics@1.0.0 (location: D:\Game\Math Boxing\Library\PackageCache\com.unity.modules.unityanalytics)
    com.unity.modules.unitywebrequest@1.0.0 (location: D:\Game\Math Boxing\Library\PackageCache\com.unity.modules.unitywebrequest)
    com.unity.modules.unitywebrequestassetbundle@1.0.0 (location: D:\Game\Math Boxing\Library\PackageCache\com.unity.modules.unitywebrequestassetbundle)
    com.unity.modules.unitywebrequestaudio@1.0.0 (location: D:\Game\Math Boxing\Library\PackageCache\com.unity.modules.unitywebrequestaudio)
    com.unity.modules.unitywebrequesttexture@1.0.0 (location: D:\Game\Math Boxing\Library\PackageCache\com.unity.modules.unitywebrequesttexture)
    com.unity.modules.unitywebrequestwww@1.0.0 (location: D:\Game\Math Boxing\Library\PackageCache\com.unity.modules.unitywebrequestwww)
    com.unity.modules.vectorgraphics@1.0.0 (location: D:\Game\Math Boxing\Library\PackageCache\com.unity.modules.vectorgraphics)
    com.unity.modules.vehicles@1.0.0 (location: D:\Game\Math Boxing\Library\PackageCache\com.unity.modules.vehicles)
    com.unity.modules.video@1.0.0 (location: D:\Game\Math Boxing\Library\PackageCache\com.unity.modules.video)
    com.unity.modules.wind@1.0.0 (location: D:\Game\Math Boxing\Library\PackageCache\com.unity.modules.wind)
    com.unity.modules.xr@1.0.0 (location: D:\Game\Math Boxing\Library\PackageCache\com.unity.modules.xr)
    com.unity.modules.subsystems@1.0.0 (location: D:\Game\Math Boxing\Library\PackageCache\com.unity.modules.subsystems)
    com.unity.modules.hierarchycore@1.0.0 (location: D:\Game\Math Boxing\Library\PackageCache\com.unity.modules.hierarchycore)
[Subsystems] No new subsystems found in resolved package list.
[Package Manager] Done registering packages in 0.02 seconds
info: Microsoft.Hosting.Lifetime[14]
      Now listening on: http://localhost:80
info: Microsoft.Hosting.Lifetime[0]
      Application started. Press Ctrl+C to shut down.
info: Microsoft.Hosting.Lifetime[0]
      Hosting environment: Production
info: Microsoft.Hosting.Lifetime[0]
      Content root path: D:\Game\Math Boxing
info: Microsoft.AspNetCore.Hosting.Diagnostics[1]
      Request starting HTTP/2 POST http://ilpp/UnityILPP.PostProcessing/Ping - application/grpc -
info: Microsoft.AspNetCore.Routing.EndpointMiddleware[0]
      Executing endpoint 'gRPC - /UnityILPP.PostProcessing/Ping'
info: Microsoft.AspNetCore.Routing.EndpointMiddleware[1]
      Executed endpoint 'gRPC - /UnityILPP.PostProcessing/Ping'
info: Microsoft.AspNetCore.Hosting.Diagnostics[2]
      Request finished HTTP/2 POST http://ilpp/UnityILPP.PostProcessing/Ping - 200 - application/grpc 50.8163ms
Starting: C:\Program Files\Unity\Hub\Editor\6000.5.2f1\Editor\Data\Tools\BuildPipeline\bee_backend.exe --ipc --defer-dag-verification --dagfile="Library/Bee/1900b0aE.dag" --continue-on-failure --profile="Library/Bee/backend1.traceevents" ScriptAssemblies
WorkingDir: D:/Game/Math Boxing
ExitCode: 0 Duration: 0s136ms
*** Tundra build success (0.09 seconds), 0 items updated, 231 evaluated
Total cache size 2489008
AssetDatabase: script compilation time: 0.851859s
Total cache size after purge 2489008, took 00:00:00.0150955
Begin MonoManager ReloadAssembly
Native extension for WindowsStandalone target not found
ScheduleIndexationOnStartup MainProcess:True IndexOnStartup:True
Mono: successfully reloaded assembly
- Finished resetting the current domain, in  0.473 seconds
Domain Reload Profiling: 920ms
	BeginReloadAssembly (258ms)
		DisableScriptedObjects (61ms)
		CreateAndSetChildDomain (48ms)
	RebuildCommonClasses (9ms)
	RebuildNativeTypeToScriptingClass (16ms)
	initialDomainReloadingComplete (46ms)
	LoadAllAssembliesAndSetupDomain (116ms)
		LoadAssemblies (108ms)
		AnalyzeDomain (23ms)
			TypeCache.Refresh (12ms)
				TypeCache.ScanAssembly (7ms)
			BuildScriptInfoCaches (6ms)
	FinalizeReload (475ms)
		SetupLoadedEditorAssemblies (0ms)
			BeforeProcessingInitializeOnLoad (83ms)
			ProcessInitializeOnLoadAttributes (91ms)
			ProcessInitializeOnLoadMethodAttributes (79ms)
			AfterProcessingInitializeOnLoad (8ms)
		AwakeInstancesAfterBackupRestoration (27ms)
Starting new worker id: 0 with log in D:/Game/Math Boxing/Logs/AssetImportWorkerHW0.log

Asset Pipeline Refresh (id=73b48442fce48f84d88e0e38b0034bfa): Total: 2.254 seconds - Initiated by InitialRefreshV2(ForceSynchronousImport)
	(Values over 0.05ms)
	Summary:
		Imports: total=0 (actual=0, local cache=0, cache server=0)
		Asset DB Process Time: managed=0 ms, native=839 ms
		Asset DB Callback time: managed=20 ms, native=44 ms
		Scripting: domain reloads=1, domain reload time=480 ms, compile time=855 ms, other=14 ms
		Project Asset Count: scripts=236, non-scripts=263
		Asset File Changes: new=0, changed=0, moved=0, deleted=0
		Scan Filter Count: 0
	InvokePackagesCallback: 46.555ms
	ApplyChangesToAssetFolders: 0.480ms
	Scan: 263.616ms
	Collect global state as custom dependencies: 5.726ms
	CategorizeScriptCompilationAssets: 1.295ms
	ProcessAssetsWithTransientArtifactChanges: 8.453ms
	CategorizeAssets: 4.309ms
	CompileScripts: 854.822ms
	ImportOutOfDateAssets: 495.178ms (477.590ms without children)
		UnloadImportedAssets: 0.099ms
		EnsureUptoDateAssetsAreRegisteredWithGuidPM: 0.063ms
		ImportSchedulerStart: 17.423ms
	PostProcessAllAssets: 20.283ms
		MonoPostProcessAllAssets: 20.208ms
			WindowAssetPostprocessingWatcher.OnPostprocessAllAssets 7.920ms
			SyncVS.PostprocessSyncProject 1.602ms
			SpeedTree9Postprocessor.OnPostprocessAllAssets 0.801ms
			ReferencedClipsPostProcessor.OnPostprocessAllAssets 0.419ms
			TerrainToolbarOverlayPostProcessor.OnPostprocessAllAssets 0.188ms
			AssetDatabaseCallbacks.OnPostprocessAllAssets 0.162ms
			RenderPipelineGlobalSettingsPostprocessor.OnPostprocessAllAssets 0.093ms
	UnloadStreamsBegin: 1.609ms
	GenerateScriptTypeHashes: 0.825ms
	GenerateScriptTypeSerializationHashes: 2.509ms
	Untracked: 543.933ms

Application.AssetDatabase Initial Refresh End
Launched and connected shader compiler UnityShaderCompiler.exe after 0.04 seconds
Scanning for USB devices : 11.980ms
Initializing Unity extensions:
[MODES] ModeService[none].Initialize
[MODES] ModeService[none].LoadModes
[MODES] Loading mode Default (0) for mode-current-id-Math Boxing
Unloading 6 Unused Serialized files (Serialized files now loaded: 0)
Loaded scene 'Assets/_Projects/Scenes/03_BattleRing.unity'
	Deserialize:            950.588 ms
	Integration:            199.072 ms
	Integration of assets:  2.983 ms
	Thread Wait Time:       -0.275 ms
	Total Operation Time:   1152.368 ms
Unloading 481 unused Assets / (0.6 MB). Loaded Objects now: 1323.
Memory consumption went from 212.3 MB to 211.7 MB.
Total: 5.314100 ms (FindLiveObjects: 0.101900 ms CreateObjectMapping: 0.077300 ms MarkObjects: 4.741000 ms  DeleteObjects: 0.392000 ms)

[LAYOUT] About to load UserSettings\Layouts\default-6000.dwlt, keepMainWindow=False
[LAYOUT] About to save layout D:\Game\Math Boxing\UserSettings\Layouts\default-6000.dwlt
[LAYOUT] About to save layout C:/Users/zakia/AppData/Roaming/Unity/Editor-5.x/Preferences\Layouts\current\default-6000.dwlt
[MODES] ModeService[default].InitializeCurrentMode
[MODES] ModeService[default].RaiseModeChanged(default, default)
This project uses Input Manager, which is marked for deprecation. To manage input in your project, use the <a href="https://docs.unity3d.com/Packages/com.unity.inputsystem@latest">Input System package</a> instead.
<RI> Initializing input.
<RI> Input initialized.
D3D11 device created for Microsoft Media Foundation video decoding.
[Project] Loading completed in 11.326 seconds
	Project init time: 				8.997 seconds
		Template init time: 		0.000 seconds
		Package Manager init time: 		3.503 seconds
		Asset Database init time: 		0.593 seconds
		Global illumination init time: 	0.009 seconds
		Assemblies load time: 			1.123 seconds
		Unity extensions init time: 	0.003 seconds
		Asset Database refresh time: 	2.254 seconds
	Scene opening time: 			2.066 seconds
##utp:{"type":"ProjectInfo","version":2,"phase":"Immediate","time":1783169672073,"processId":28512,"projectLoad":11.326222099999999,"projectInit":8.9971493,"templateInit":0.0,"packageManagerInit":3.5026399,"assetDatabaseInit":0.5928465,"globalIlluminationInit":0.0085651,"assembliesLoad":1.122832,"unityExtensionsInit":0.0025355,"assetDatabaseRefresh":2.253801,"sceneOpening":2.0658175}
##utp:{"type":"EditorInfo","version":2,"phase":"Immediate","time":1783169672073,"processId":28512,"editorVersion":"6000.5.2f1 (eb73d3b415a1)","branch":"6000.5/staging","buildType":"Release","platform":"Windows"}
Worker ready: AssetImportWorkerHW0 0
Asset Pipeline Refresh (id=d15be6c47371d3b46867ba17a7ace55a): Total: 0.030 seconds - Initiated by RefreshV2(AllowForceSynchronousImport)
Dynamic Batching is deprecated and will be removed in a future release. Use GPU Instancing instead. Disable Dynamic Batching in Project Settings > Player > Other Settings to remove this warning.
UnityEngine.Debug:ExtractStackTraceNoAlloc (byte*,int,string)
UnityEngine.StackTraceUtility:ExtractStackTrace ()
UnityEngine.DebugLogHandler:Internal_Log (UnityEngine.LogType,UnityEngine.LogOption,string,UnityEngine.Object)
UnityEngine.DebugLogHandler:LogFormat (UnityEngine.LogType,UnityEngine.Object,string,object[])
UnityEngine.Logger:Log (UnityEngine.LogType,object)
UnityEngine.Debug:LogWarning (object)
UnityEditor.PlayerSettingsBatchingWarning:WarnIfDynamicBatchingEnabled ()
UnityEditor.EditorApplication:Internal_CallUpdateFunctions ()

Start Indexing on Editor startup
[Indexing] Starting Initial Indexing for Assets
Created GICache directory at C:/Users/zakia/AppData/LocalLow/Unity/Caches/GiCache. Took: 0.033s, timestamps: [12.929 - 12.962]
[Licensing::Client] Successfully resolved entitlement details
[Licensing::Client] Successfully resolved entitlement details
[Licensing::Client] Successfully updated the access token
[Licensing::Module] Successfully updated access token: "VDaVN8Gb"... (expires: 2026-07-04T13:53:14Z)
Starting new worker id: 1 with log in D:/Game/Math Boxing/Logs/AssetImportWorkerHW1.log
[Worker0] Imported GUID: f73dde04f78cd694cb0349bb10f52aea - Path: Assets/_Projects/Scenes/03_BattleRing.unity - Importer: ScriptedImporter/UnityEditor.QuickSearchModule:UnityEditor.Search:ASIAI0B -> (ImportResultId: '626aca42716f7425b9ea9a19d235511a') in 0.0907763 seconds
[Worker0] Imported GUID: 8b29aaa3eec7468097ff07adfcf29ac9 - Path: Assets/TextMesh Pro/Examples & Extras/Resources/Fonts & Materials/LiberationSans SDF - Metalic Green.mat - Importer: ScriptedImporter/UnityEditor.QuickSearchModule:UnityEditor.Search:ASIAI0B -> (ImportResultId: '8c9ca1b795e022b0088685965475c6c6') in 1.026915 seconds
Worker ready: AssetImportWorkerHW1 1
TrimDiskCacheJob: Current cache size 0mb
Asset Pipeline Refresh (id=fc07a1443a1e21f4c9ac58f9204d15dd): Total: 0.006 seconds - Initiated by RefreshV2(AllowForceSynchronousImport)
Asset Pipeline Refresh (id=6cc32cda691f2f7488ba09f15163cc1e): Total: 0.005 seconds - Initiated by RefreshV2(AllowForceSynchronousImport)
Asset Pipeline Refresh (id=f77d770c83da83d46b3ec3fe41ae1635): Total: 0.004 seconds - Initiated by RefreshV2(AllowForceSynchronousImport)
MonoPathRemapper: Attempts to remap: 3207; Successful remaps: 1488
Serialized file version minimum: 23, current 23
[LAYOUT] About to save layout D:\Game\Math Boxing\UserSettings\Layouts\default-6000.dwlt
[LAYOUT] About to save layout C:/Users/zakia/AppData/Roaming/Unity/Editor-5.x/Preferences\Layouts\current\default-6000.dwlt
[Physics::Module] Cleanup current backend.
[Physics::Module] Id: 0xf2b8ea05
Input System module state changed to: ShutdownInProgress.
Input Polling Thread exited.
Input System module state changed to: Shutdown.
[Licensing::IpcConnector] LicenseClient-zakia-6000.5.2-notifications channel disconnected successfully.
[Licensing::IpcConnector] LicenseClient-zakia-6000.5.2 channel disconnected successfully.
Shut down.
AcceleratorClientConnectionCallback - disconnected - :0
Cleanup mono
CodeReloadManager destroyed
debugger-agent: Unable to listen on 4712
Checking for leaked weakptr:
  Found no leaked weakptrs.
[Package Manager] Server process was shutdown
##utp:{"type":"MemoryLeaks","version":2,"phase":"Immediate","time":1783170406117,"processId":28512,"allocatedMemory":45414935,"memoryLabels":[{"Default":173998},{"Permanent":15516},{"NewDelete":66001},{"Thread":4197560},{"Manager":32517},{"VertexData":8},{"Geometry":816},{"Texture":24},{"Shader":845750},{"Material":24},{"GfxDevice":55328},{"Animation":952},{"Audio":1544},{"FreeType":8},{"FontEngine":736},{"Physics":2146},{"Physics2D":16},{"Serialization":48016},{"Input":42840},{"JobScheduler":256},{"TextLib":19030},{"Mono":48},{"ScriptingNativeRuntime":674964},{"BaseObject":1669001},{"Resource":1208},{"Renderer":3080},{"Transform":4685},{"File":6990},{"WebCam":616},{"Culling":32},{"Terrain":11442},{"Wind":24},{"STL":40},{"String":9482},{"StaticString":3808},{"Utility":2673426},{"Curl":48},{"PoolAlloc":2168},{"AI":80},{"TypeTree":8869},{"CodeReload":448},{"RuntimeInitializeOnLoadManager":64},{"Sprites":102},{"SpriteAtlas":120},{"GI":7816},{"Director":8296},{"CloudService":7096},{"WebRequest":7421},{"VR":47114},{"SceneManager":608},{"Video":208},{"LazyScriptCache":32},{"NativeArray":33042416},{"Camera":17},{"Secure":265},{"SerializationCache":1576},{"APIUpdating":10320},{"Subsystems":336},{"VirtualTexturing":57888},{"StaticSafetyDebugInfo":278528},{"Analytics":552},{"Hierarchy":1176},{"UIElements":353888},{"CoreStats":13688},{"Identifiers":6768},{"Gui":128},{"EditorUtility":184646},{"VersionControl":8},{"Undo":931},{"AssetDatabase":757019},{"AssetImporter":40},{"EditorGi":328},{"UnityConnect":35346},{"Upm":1988},{"UpmDiagnostics":8},{"AssetCompliance":64},{"DrivenProperties":72},{"LocalIPC":211},{"ProfilerEditor":9746},{"CoreBusinessMetrics":3480},{"Windowing":456},{"Licensing":664},{"AssetReference":32},{"IPCStream":32}]}
